

Started HEAD "/" for 127.0.0.1 at 2012-01-26 15:35:24 +0700
  Processing by HomeController#index as HTML
Rendered home/index.html.haml within layouts/application (27.4ms)
Completed 500 Internal Server Error in 43ms

ActionView::Template::Error (Mysql2::Error: Table 'adverts_production.site_configurations' doesn't exist: SELECT  `site_configurations`.* FROM `site_configurations` LIMIT 1):
    1: - site_configuration = SiteConfiguration.first || SiteConfiguration.new
    2: !!!
    3: %html
    4:   %head
  app/views/layouts/application.html.haml:1:in `_app_views_layouts_application_html_haml__86686936_38985160__845190879'

Rendered /Users/hashirama/.rvm/gems/ruby-1.9.2-head@rails309/gems/actionpack-3.0.9/lib/action_dispatch/middleware/templates/rescues/_trace.erb (1.9ms)
Rendered /Users/hashirama/.rvm/gems/ruby-1.9.2-head@rails309/gems/actionpack-3.0.9/lib/action_dispatch/middleware/templates/rescues/_request_and_response.erb (4.1ms)
Rendered /Users/hashirama/.rvm/gems/ruby-1.9.2-head@rails309/gems/actionpack-3.0.9/lib/action_dispatch/middleware/templates/rescues/template_error.erb within rescues/layout (15.4ms)


Started HEAD "/" for 127.0.0.1 at 2012-01-26 15:35:45 +0700
  Processing by HomeController#index as HTML
Rendered home/index.html.haml within layouts/application (231.0ms)
Completed 500 Internal Server Error in 255ms

ActionView::Template::Error (Mysql2::Error: Table 'adverts_production.site_configurations' doesn't exist: SELECT  `site_configurations`.* FROM `site_configurations` LIMIT 1):
    1: - site_configuration = SiteConfiguration.first || SiteConfiguration.new
    2: !!!
    3: %html
    4:   %head
  app/views/layouts/application.html.haml:1:in `_app_views_layouts_application_html_haml___396061713_39142680__752384590'

Rendered /Users/hashirama/.rvm/gems/ruby-1.9.2-head@rails309/gems/actionpack-3.0.9/lib/action_dispatch/middleware/templates/rescues/_trace.erb (2.3ms)
Rendered /Users/hashirama/.rvm/gems/ruby-1.9.2-head@rails309/gems/actionpack-3.0.9/lib/action_dispatch/middleware/templates/rescues/_request_and_response.erb (5.2ms)
Rendered /Users/hashirama/.rvm/gems/ruby-1.9.2-head@rails309/gems/actionpack-3.0.9/lib/action_dispatch/middleware/templates/rescues/template_error.erb within rescues/layout (18.0ms)


Started GET "/" for 127.0.0.1 at 2012-01-26 15:35:45 +0700
  Processing by HomeController#index as HTML
Rendered home/index.html.haml within layouts/application (223.5ms)
Completed 500 Internal Server Error in 240ms

ActionView::Template::Error (Mysql2::Error: Table 'adverts_production.site_configurations' doesn't exist: SELECT  `site_configurations`.* FROM `site_configurations` LIMIT 1):
    1: - site_configuration = SiteConfiguration.first || SiteConfiguration.new
    2: !!!
    3: %html
    4:   %head
  app/views/layouts/application.html.haml:1:in `_app_views_layouts_application_html_haml___396061713_39136400__752384590'

Rendered /Users/hashirama/.rvm/gems/ruby-1.9.2-head@rails309/gems/actionpack-3.0.9/lib/action_dispatch/middleware/templates/rescues/_trace.erb (2.1ms)
Rendered /Users/hashirama/.rvm/gems/ruby-1.9.2-head@rails309/gems/actionpack-3.0.9/lib/action_dispatch/middleware/templates/rescues/_request_and_response.erb (13.4ms)
Rendered /Users/hashirama/.rvm/gems/ruby-1.9.2-head@rails309/gems/actionpack-3.0.9/lib/action_dispatch/middleware/templates/rescues/template_error.erb within rescues/layout (28.6ms)


Started GET "/" for 127.0.0.1 at 2012-01-26 15:37:01 +0700
  Processing by HomeController#index as HTML
Rendered shared/_menu.html.haml (12.6ms)
Rendered shared/_advertisement.html.haml (154.7ms)
Rendered shared/_form_registration.html.haml (79.4ms)
Rendered shared/_footer.html.haml (99.6ms)
Rendered home/index.html.haml within layouts/application (693.8ms)
Completed 200 OK in 695ms (Views: 667.1ms | ActiveRecord: 28.8ms)


Started GET "/" for 127.0.0.1 at 2012-01-26 15:37:08 +0700
  Processing by HomeController#index as HTML
Rendered shared/_menu.html.haml (3.1ms)
Rendered shared/_advertisement.html.haml (15.1ms)
Rendered shared/_form_registration.html.haml (38.9ms)
Rendered shared/_footer.html.haml (8.9ms)
Rendered home/index.html.haml within layouts/application (188.3ms)
Completed 200 OK in 189ms (Views: 152.1ms | ActiveRecord: 37.0ms)


Started GET "/advertisements" for 127.0.0.1 at 2012-01-26 15:37:15 +0700
  Processing by AdvertisementsController#index as HTML
Rendered advertisements/_form.html.haml (205.8ms)
Rendered shared/_menu.html.haml (3.4ms)
Rendered shared/_form_registration.html.haml (40.0ms)
Rendered shared/_footer.html.haml (4.8ms)
Rendered advertisements/index.html.haml within layouts/application (370.0ms)
Completed 200 OK in 402ms (Views: 363.8ms | ActiveRecord: 30.9ms)


Started GET "/banners" for 127.0.0.1 at 2012-01-26 15:37:56 +0700
  Processing by BannersController#index as HTML
Rendered banners/_form.html.haml (98.9ms)
Rendered shared/_menu.html.haml (2.9ms)
Rendered shared/_form_registration.html.haml (30.6ms)
Rendered shared/_footer.html.haml (5.6ms)
Rendered banners/index.html.haml within layouts/application (247.3ms)
Completed 200 OK in 262ms (Views: 228.9ms | ActiveRecord: 30.9ms)


Started GET "/links" for 127.0.0.1 at 2012-01-26 15:38:02 +0700
  Processing by LinksController#index as HTML
Rendered links/_form.html.haml (123.6ms)
Rendered shared/_menu.html.haml (5.1ms)
Rendered shared/_form_registration.html.haml (34.8ms)
Rendered shared/_footer.html.haml (5.5ms)
Rendered links/index.html.haml within layouts/application (300.8ms)
Completed 200 OK in 325ms (Views: 289.9ms | ActiveRecord: 28.6ms)


Started GET "/contacts" for 127.0.0.1 at 2012-01-26 15:38:03 +0700
  Processing by ContactsController#index as HTML
Rendered contacts/_form.html.haml (140.3ms)
Rendered shared/_menu.html.haml (2.8ms)
Rendered shared/_form_registration.html.haml (33.0ms)
Rendered shared/_footer.html.haml (5.3ms)
Rendered contacts/index.html.haml within layouts/application (280.5ms)
Completed 200 OK in 310ms (Views: 280.5ms | ActiveRecord: 19.5ms)


Started GET "/" for 127.0.0.1 at 2012-01-26 15:38:05 +0700
  Processing by HomeController#index as HTML
Rendered shared/_menu.html.haml (4.2ms)
Rendered shared/_advertisement.html.haml (33.3ms)
Rendered shared/_form_registration.html.haml (103.7ms)
Rendered shared/_footer.html.haml (6.7ms)
Rendered home/index.html.haml within layouts/application (333.6ms)
Completed 200 OK in 335ms (Views: 294.2ms | ActiveRecord: 40.6ms)


Started GET "/advertisements" for 127.0.0.1 at 2012-01-26 15:38:09 +0700
  Processing by AdvertisementsController#index as HTML
Rendered advertisements/_form.html.haml (39.8ms)
Rendered shared/_menu.html.haml (2.8ms)
Rendered shared/_form_registration.html.haml (88.9ms)
Rendered shared/_footer.html.haml (5.0ms)
Rendered advertisements/index.html.haml within layouts/application (214.3ms)
Completed 200 OK in 217ms (Views: 195.0ms | ActiveRecord: 20.7ms)


Started GET "/banners" for 127.0.0.1 at 2012-01-26 15:38:11 +0700
  Processing by BannersController#index as HTML
Rendered banners/_form.html.haml (34.9ms)
Rendered shared/_menu.html.haml (4.6ms)
Rendered shared/_form_registration.html.haml (88.8ms)
Rendered shared/_footer.html.haml (4.7ms)
Rendered banners/index.html.haml within layouts/application (237.5ms)
Completed 200 OK in 251ms (Views: 215.0ms | ActiveRecord: 24.7ms)


Started GET "/links" for 127.0.0.1 at 2012-01-26 15:38:17 +0700
  Processing by LinksController#index as HTML
Rendered links/_form.html.haml (30.6ms)
Rendered shared/_menu.html.haml (3.0ms)
Rendered shared/_form_registration.html.haml (117.5ms)
Rendered shared/_footer.html.haml (9.5ms)
Rendered links/index.html.haml within layouts/application (307.4ms)
Completed 200 OK in 310ms (Views: 270.7ms | ActiveRecord: 38.3ms)


Started GET "/links" for 127.0.0.1 at 2012-01-26 15:38:17 +0700
  Processing by LinksController#index as HTML
Rendered links/_form.html.haml (130.2ms)
Rendered shared/_menu.html.haml (7.5ms)
Rendered shared/_form_registration.html.haml (151.1ms)
Rendered shared/_footer.html.haml (29.2ms)
Rendered links/index.html.haml within layouts/application (584.9ms)
Completed 200 OK in 645ms (Views: 574.7ms | ActiveRecord: 26.6ms)


Started GET "/contacts" for 127.0.0.1 at 2012-01-26 15:38:19 +0700
  Processing by ContactsController#index as HTML
Rendered contacts/_form.html.haml (49.6ms)
Rendered shared/_menu.html.haml (3.2ms)
Rendered shared/_form_registration.html.haml (113.3ms)
Rendered shared/_footer.html.haml (7.7ms)
Rendered contacts/index.html.haml within layouts/application (297.0ms)
Completed 200 OK in 323ms (Views: 284.5ms | ActiveRecord: 30.0ms)


Started GET "/links" for 127.0.0.1 at 2012-01-26 15:38:22 +0700
  Processing by LinksController#index as HTML
Rendered links/_form.html.haml (24.0ms)
Rendered shared/_menu.html.haml (3.5ms)
Rendered shared/_form_registration.html.haml (91.9ms)
Rendered shared/_footer.html.haml (7.6ms)
Rendered links/index.html.haml within layouts/application (251.1ms)
Completed 200 OK in 255ms (Views: 222.0ms | ActiveRecord: 31.1ms)


Started GET "/banners" for 127.0.0.1 at 2012-01-26 15:38:24 +0700
  Processing by BannersController#index as HTML
Rendered banners/_form.html.haml (32.3ms)
Rendered shared/_menu.html.haml (2.6ms)
Rendered shared/_form_registration.html.haml (95.9ms)
Rendered shared/_footer.html.haml (4.8ms)
Rendered banners/index.html.haml within layouts/application (243.3ms)
Completed 200 OK in 256ms (Views: 225.9ms | ActiveRecord: 27.1ms)
